2016/03/15 13:58:42 [error] 30#0: *1 FastCGI sent in stderr: "PHP message: PHP Fatal error:  Uncaught exception 'UnexpectedValueException' with message 'The stream or file "/var/www/storage/logs/laravel.log" could not be opened: failed to open stream: Permission denied' in /var/www/vendor/monolog/monolog/src/Monolog/Handler/StreamHandler.php:87
Stack trace:
#0 /var/www/vendor/monolog/monolog/src/Monolog/Handler/AbstractProcessingHandler.php(37): Monolog\Handler\StreamHandler->write(Array)
#1 /var/www/vendor/monolog/monolog/src/Monolog/Logger.php(336): Monolog\Handler\AbstractProcessingHandler->handle(Array)
#2 /var/www/vendor/monolog/monolog/src/Monolog/Logger.php(615): Monolog\Logger->addRecord(400, Object(UnexpectedValueException), Array)
#3 /var/www/vendor/laravel/framework/src/Illuminate/Log/Writer.php(202): Monolog\Logger->error(Object(UnexpectedValueException), Array)
#4 /var/www/vendor/laravel/framework/src/Illuminate/Log/Writer.php(113): Illuminate\Log\Writer->writeLog('error', Object(UnexpectedValueException), Array)
#5 /var/www/vendor/laravel/framework/src...
PHP message: PHP Fatal error:  Uncaught exception 'UnexpectedValueException' with message 'The stream or file "/var/www/storage/logs/laravel.log" could not be opened: failed to open stream: Permission denied' in /var/www/vendor/monolog/monolog/src/Monolog/Handler/StreamHandler.php:87
Stack trace:
#0 /var/www/vendor/monolog/monolog/src/Monolog/Handler/AbstractProcessingHandler.php(37): Monolog\Handler\StreamHandler->write(Array)
#1 /var/www/vendor/monolog/monolog/src/Monolog/Logger.php(336): Monolog\Handler\AbstractProcessingHandler->handle(Array)
#2 /var/www/vendor/monolog/monolog/src/Monolog/Logger.php(615): Monolog\Logger->addRecord(400, Object(Symfony\Component\Debug\Exception\FatalErrorException), Array)
#3 /var/www/vendor/laravel/framework/src/Illuminate/Log/Writer.php(202): Monolog\Logger->error(Object(Symfony\Component\Debug\Exception\FatalErrorException), Array)
#4 /var/www/vendor/laravel/framework/src/Illuminate/Log/Writer.php(113): Illum
2016/03/15 13:59:42 [error] 30#0: *1 FastCGI sent in stderr: "PHP message: PHP Fatal error:  Uncaught exception 'UnexpectedValueException' with message 'The stream or file "/var/www/storage/logs/laravel.log" could not be opened: failed to open stream: Permission denied' in /var/www/vendor/monolog/monolog/src/Monolog/Handler/StreamHandler.php:87
Stack trace:
#0 /var/www/vendor/monolog/monolog/src/Monolog/Handler/AbstractProcessingHandler.php(37): Monolog\Handler\StreamHandler->write(Array)
#1 /var/www/vendor/monolog/monolog/src/Monolog/Logger.php(336): Monolog\Handler\AbstractProcessingHandler->handle(Array)
#2 /var/www/vendor/monolog/monolog/src/Monolog/Logger.php(615): Monolog\Logger->addRecord(400, Object(UnexpectedValueException), Array)
#3 /var/www/vendor/laravel/framework/src/Illuminate/Log/Writer.php(202): Monolog\Logger->error(Object(UnexpectedValueException), Array)
#4 /var/www/vendor/laravel/framework/src/Illuminate/Log/Writer.php(113): Illuminate\Log\Writer->writeLog('error', Object(UnexpectedValueException), Array)
#5 /var/www/vendor/laravel/framework/src...
PHP message: PHP Fatal error:  Uncaught exception 'UnexpectedValueException' with message 'The stream or file "/var/www/storage/logs/laravel.log" could not be opened: failed to open stream: Permission denied' in /var/www/vendor/monolog/monolog/src/Monolog/Handler/StreamHandler.php:87
Stack trace:
#0 /var/www/vendor/monolog/monolog/src/Monolog/Handler/AbstractProcessingHandler.php(37): Monolog\Handler\StreamHandler->write(Array)
#1 /var/www/vendor/monolog/monolog/src/Monolog/Logger.php(336): Monolog\Handler\AbstractProcessingHandler->handle(Array)
#2 /var/www/vendor/monolog/monolog/src/Monolog/Logger.php(615): Monolog\Logger->addRecord(400, Object(Symfony\Component\Debug\Exception\FatalErrorException), Array)
#3 /var/www/vendor/laravel/framework/src/Illuminate/Log/Writer.php(202): Monolog\Logger->error(Object(Symfony\Component\Debug\Exception\FatalErrorException), Array)
#4 /var/www/vendor/laravel/framework/src/Illuminate/Log/Writer.php(113): Illum
2016/03/15 14:00:20 [error] 27#0: *3 FastCGI sent in stderr: "PHP message: PHP Fatal error:  Uncaught exception 'UnexpectedValueException' with message 'The stream or file "/var/www/storage/logs/laravel.log" could not be opened: failed to open stream: Permission denied' in /var/www/vendor/monolog/monolog/src/Monolog/Handler/StreamHandler.php:87
Stack trace:
#0 /var/www/vendor/monolog/monolog/src/Monolog/Handler/AbstractProcessingHandler.php(37): Monolog\Handler\StreamHandler->write(Array)
#1 /var/www/vendor/monolog/monolog/src/Monolog/Logger.php(336): Monolog\Handler\AbstractProcessingHandler->handle(Array)
#2 /var/www/vendor/monolog/monolog/src/Monolog/Logger.php(615): Monolog\Logger->addRecord(400, Object(UnexpectedValueException), Array)
#3 /var/www/vendor/laravel/framework/src/Illuminate/Log/Writer.php(202): Monolog\Logger->error(Object(UnexpectedValueException), Array)
#4 /var/www/vendor/laravel/framework/src/Illuminate/Log/Writer.php(113): Illuminate\Log\Writer->writeLog('error', Object(UnexpectedValueException), Array)
#5 /var/www/vendor/laravel/framework/src...
PHP message: PHP Fatal error:  Uncaught exception 'UnexpectedValueException' with message 'The stream or file "/var/www/storage/logs/laravel.log" could not be opened: failed to open stream: Permission denied' in /var/www/vendor/monolog/monolog/src/Monolog/Handler/StreamHandler.php:87
Stack trace:
#0 /var/www/vendor/monolog/monolog/src/Monolog/Handler/AbstractProcessingHandler.php(37): Monolog\Handler\StreamHandler->write(Array)
#1 /var/www/vendor/monolog/monolog/src/Monolog/Logger.php(336): Monolog\Handler\AbstractProcessingHandler->handle(Array)
#2 /var/www/vendor/monolog/monolog/src/Monolog/Logger.php(615): Monolog\Logger->addRecord(400, Object(Symfony\Component\Debug\Exception\FatalErrorException), Array)
#3 /var/www/vendor/laravel/framework/src/Illuminate/Log/Writer.php(202): Monolog\Logger->error(Object(Symfony\Component\Debug\Exception\FatalErrorException), Array)
#4 /var/www/vendor/laravel/framework/src/Illuminate/Log/Writer.php(113): Illum
2016/03/15 14:00:21 [error] 27#0: *3 FastCGI sent in stderr: "PHP message: PHP Fatal error:  Uncaught exception 'UnexpectedValueException' with message 'The stream or file "/var/www/storage/logs/laravel.log" could not be opened: failed to open stream: Permission denied' in /var/www/vendor/monolog/monolog/src/Monolog/Handler/StreamHandler.php:87
Stack trace:
#0 /var/www/vendor/monolog/monolog/src/Monolog/Handler/AbstractProcessingHandler.php(37): Monolog\Handler\StreamHandler->write(Array)
#1 /var/www/vendor/monolog/monolog/src/Monolog/Logger.php(336): Monolog\Handler\AbstractProcessingHandler->handle(Array)
#2 /var/www/vendor/monolog/monolog/src/Monolog/Logger.php(615): Monolog\Logger->addRecord(400, Object(UnexpectedValueException), Array)
#3 /var/www/vendor/laravel/framework/src/Illuminate/Log/Writer.php(202): Monolog\Logger->error(Object(UnexpectedValueException), Array)
#4 /var/www/vendor/laravel/framework/src/Illuminate/Log/Writer.php(113): Illuminate\Log\Writer->writeLog('error', Object(UnexpectedValueException), Array)
#5 /var/www/vendor/laravel/framework/src...
PHP message: PHP Fatal error:  Uncaught exception 'UnexpectedValueException' with message 'The stream or file "/var/www/storage/logs/laravel.log" could not be opened: failed to open stream: Permission denied' in /var/www/vendor/monolog/monolog/src/Monolog/Handler/StreamHandler.php:87
Stack trace:
#0 /var/www/vendor/monolog/monolog/src/Monolog/Handler/AbstractProcessingHandler.php(37): Monolog\Handler\StreamHandler->write(Array)
#1 /var/www/vendor/monolog/monolog/src/Monolog/Logger.php(336): Monolog\Handler\AbstractProcessingHandler->handle(Array)
#2 /var/www/vendor/monolog/monolog/src/Monolog/Logger.php(615): Monolog\Logger->addRecord(400, Object(Symfony\Component\Debug\Exception\FatalErrorException), Array)
#3 /var/www/vendor/laravel/framework/src/Illuminate/Log/Writer.php(202): Monolog\Logger->error(Object(Symfony\Component\Debug\Exception\FatalErrorException), Array)
#4 /var/www/vendor/laravel/framework/src/Illuminate/Log/Writer.php(113): Illum
2016/03/15 14:01:49 [error] 27#0: *6 FastCGI sent in stderr: "PHP message: PHP Fatal error:  Uncaught exception 'UnexpectedValueException' with message 'The stream or file "/var/www/storage/logs/laravel.log" could not be opened: failed to open stream: Permission denied' in /var/www/vendor/monolog/monolog/src/Monolog/Handler/StreamHandler.php:87
Stack trace:
#0 /var/www/vendor/monolog/monolog/src/Monolog/Handler/AbstractProcessingHandler.php(37): Monolog\Handler\StreamHandler->write(Array)
#1 /var/www/vendor/monolog/monolog/src/Monolog/Logger.php(336): Monolog\Handler\AbstractProcessingHandler->handle(Array)
#2 /var/www/vendor/monolog/monolog/src/Monolog/Logger.php(615): Monolog\Logger->addRecord(400, Object(UnexpectedValueException), Array)
#3 /var/www/vendor/laravel/framework/src/Illuminate/Log/Writer.php(202): Monolog\Logger->error(Object(UnexpectedValueException), Array)
#4 /var/www/vendor/laravel/framework/src/Illuminate/Log/Writer.php(113): Illuminate\Log\Writer->writeLog('error', Object(UnexpectedValueException), Array)
#5 /var/www/vendor/laravel/framework/src...
PHP message: PHP Fatal error:  Uncaught exception 'UnexpectedValueException' with message 'The stream or file "/var/www/storage/logs/laravel.log" could not be opened: failed to open stream: Permission denied' in /var/www/vendor/monolog/monolog/src/Monolog/Handler/StreamHandler.php:87
Stack trace:
#0 /var/www/vendor/monolog/monolog/src/Monolog/Handler/AbstractProcessingHandler.php(37): Monolog\Handler\StreamHandler->write(Array)
#1 /var/www/vendor/monolog/monolog/src/Monolog/Logger.php(336): Monolog\Handler\AbstractProcessingHandler->handle(Array)
#2 /var/www/vendor/monolog/monolog/src/Monolog/Logger.php(615): Monolog\Logger->addRecord(400, Object(Symfony\Component\Debug\Exception\FatalErrorException), Array)
#3 /var/www/vendor/laravel/framework/src/Illuminate/Log/Writer.php(202): Monolog\Logger->error(Object(Symfony\Component\Debug\Exception\FatalErrorException), Array)
#4 /var/www/vendor/laravel/framework/src/Illuminate/Log/Writer.php(113): Illum
2016/03/15 14:01:50 [error] 27#0: *6 FastCGI sent in stderr: "PHP message: PHP Fatal error:  Uncaught exception 'UnexpectedValueException' with message 'The stream or file "/var/www/storage/logs/laravel.log" could not be opened: failed to open stream: Permission denied' in /var/www/vendor/monolog/monolog/src/Monolog/Handler/StreamHandler.php:87
Stack trace:
#0 /var/www/vendor/monolog/monolog/src/Monolog/Handler/AbstractProcessingHandler.php(37): Monolog\Handler\StreamHandler->write(Array)
#1 /var/www/vendor/monolog/monolog/src/Monolog/Logger.php(336): Monolog\Handler\AbstractProcessingHandler->handle(Array)
#2 /var/www/vendor/monolog/monolog/src/Monolog/Logger.php(615): Monolog\Logger->addRecord(400, Object(UnexpectedValueException), Array)
#3 /var/www/vendor/laravel/framework/src/Illuminate/Log/Writer.php(202): Monolog\Logger->error(Object(UnexpectedValueException), Array)
#4 /var/www/vendor/laravel/framework/src/Illuminate/Log/Writer.php(113): Illuminate\Log\Writer->writeLog('error', Object(UnexpectedValueException), Array)
#5 /var/www/vendor/laravel/framework/src...
PHP message: PHP Fatal error:  Uncaught exception 'UnexpectedValueException' with message 'The stream or file "/var/www/storage/logs/laravel.log" could not be opened: failed to open stream: Permission denied' in /var/www/vendor/monolog/monolog/src/Monolog/Handler/StreamHandler.php:87
Stack trace:
#0 /var/www/vendor/monolog/monolog/src/Monolog/Handler/AbstractProcessingHandler.php(37): Monolog\Handler\StreamHandler->write(Array)
#1 /var/www/vendor/monolog/monolog/src/Monolog/Logger.php(336): Monolog\Handler\AbstractProcessingHandler->handle(Array)
#2 /var/www/vendor/monolog/monolog/src/Monolog/Logger.php(615): Monolog\Logger->addRecord(400, Object(Symfony\Component\Debug\Exception\FatalErrorException), Array)
#3 /var/www/vendor/laravel/framework/src/Illuminate/Log/Writer.php(202): Monolog\Logger->error(Object(Symfony\Component\Debug\Exception\FatalErrorException), Array)
#4 /var/www/vendor/laravel/framework/src/Illuminate/Log/Writer.php(113): Illum
2016/03/15 14:01:50 [error] 27#0: *6 FastCGI sent in stderr: "PHP message: PHP Fatal error:  Uncaught exception 'UnexpectedValueException' with message 'The stream or file "/var/www/storage/logs/laravel.log" could not be opened: failed to open stream: Permission denied' in /var/www/vendor/monolog/monolog/src/Monolog/Handler/StreamHandler.php:87
Stack trace:
#0 /var/www/vendor/monolog/monolog/src/Monolog/Handler/AbstractProcessingHandler.php(37): Monolog\Handler\StreamHandler->write(Array)
#1 /var/www/vendor/monolog/monolog/src/Monolog/Logger.php(336): Monolog\Handler\AbstractProcessingHandler->handle(Array)
#2 /var/www/vendor/monolog/monolog/src/Monolog/Logger.php(615): Monolog\Logger->addRecord(400, Object(UnexpectedValueException), Array)
#3 /var/www/vendor/laravel/framework/src/Illuminate/Log/Writer.php(202): Monolog\Logger->error(Object(UnexpectedValueException), Array)
#4 /var/www/vendor/laravel/framework/src/Illuminate/Log/Writer.php(113): Illuminate\Log\Writer->writeLog('error', Object(UnexpectedValueException), Array)
#5 /var/www/vendor/laravel/framework/src...
PHP message: PHP Fatal error:  Uncaught exception 'UnexpectedValueException' with message 'The stream or file "/var/www/storage/logs/laravel.log" could not be opened: failed to open stream: Permission denied' in /var/www/vendor/monolog/monolog/src/Monolog/Handler/StreamHandler.php:87
Stack trace:
#0 /var/www/vendor/monolog/monolog/src/Monolog/Handler/AbstractProcessingHandler.php(37): Monolog\Handler\StreamHandler->write(Array)
#1 /var/www/vendor/monolog/monolog/src/Monolog/Logger.php(336): Monolog\Handler\AbstractProcessingHandler->handle(Array)
#2 /var/www/vendor/monolog/monolog/src/Monolog/Logger.php(615): Monolog\Logger->addRecord(400, Object(Symfony\Component\Debug\Exception\FatalErrorException), Array)
#3 /var/www/vendor/laravel/framework/src/Illuminate/Log/Writer.php(202): Monolog\Logger->error(Object(Symfony\Component\Debug\Exception\FatalErrorException), Array)
#4 /var/www/vendor/laravel/framework/src/Illuminate/Log/Writer.php(113): Illum
2016/03/15 14:01:50 [error] 27#0: *6 FastCGI sent in stderr: "PHP message: PHP Fatal error:  Uncaught exception 'UnexpectedValueException' with message 'The stream or file "/var/www/storage/logs/laravel.log" could not be opened: failed to open stream: Permission denied' in /var/www/vendor/monolog/monolog/src/Monolog/Handler/StreamHandler.php:87
Stack trace:
#0 /var/www/vendor/monolog/monolog/src/Monolog/Handler/AbstractProcessingHandler.php(37): Monolog\Handler\StreamHandler->write(Array)
#1 /var/www/vendor/monolog/monolog/src/Monolog/Logger.php(336): Monolog\Handler\AbstractProcessingHandler->handle(Array)
#2 /var/www/vendor/monolog/monolog/src/Monolog/Logger.php(615): Monolog\Logger->addRecord(400, Object(UnexpectedValueException), Array)
#3 /var/www/vendor/laravel/framework/src/Illuminate/Log/Writer.php(202): Monolog\Logger->error(Object(UnexpectedValueException), Array)
#4 /var/www/vendor/laravel/framework/src/Illuminate/Log/Writer.php(113): Illuminate\Log\Writer->writeLog('error', Object(UnexpectedValueException), Array)
#5 /var/www/vendor/laravel/framework/src...
PHP message: PHP Fatal error:  Uncaught exception 'UnexpectedValueException' with message 'The stream or file "/var/www/storage/logs/laravel.log" could not be opened: failed to open stream: Permission denied' in /var/www/vendor/monolog/monolog/src/Monolog/Handler/StreamHandler.php:87
Stack trace:
#0 /var/www/vendor/monolog/monolog/src/Monolog/Handler/AbstractProcessingHandler.php(37): Monolog\Handler\StreamHandler->write(Array)
#1 /var/www/vendor/monolog/monolog/src/Monolog/Logger.php(336): Monolog\Handler\AbstractProcessingHandler->handle(Array)
#2 /var/www/vendor/monolog/monolog/src/Monolog/Logger.php(615): Monolog\Logger->addRecord(400, Object(Symfony\Component\Debug\Exception\FatalErrorException), Array)
#3 /var/www/vendor/laravel/framework/src/Illuminate/Log/Writer.php(202): Monolog\Logger->error(Object(Symfony\Component\Debug\Exception\FatalErrorException), Array)
#4 /var/www/vendor/laravel/framework/src/Illuminate/Log/Writer.php(113): Illum
2016/03/15 14:01:50 [error] 27#0: *6 FastCGI sent in stderr: "PHP message: PHP Fatal error:  Uncaught exception 'UnexpectedValueException' with message 'The stream or file "/var/www/storage/logs/laravel.log" could not be opened: failed to open stream: Permission denied' in /var/www/vendor/monolog/monolog/src/Monolog/Handler/StreamHandler.php:87
Stack trace:
#0 /var/www/vendor/monolog/monolog/src/Monolog/Handler/AbstractProcessingHandler.php(37): Monolog\Handler\StreamHandler->write(Array)
#1 /var/www/vendor/monolog/monolog/src/Monolog/Logger.php(336): Monolog\Handler\AbstractProcessingHandler->handle(Array)
#2 /var/www/vendor/monolog/monolog/src/Monolog/Logger.php(615): Monolog\Logger->addRecord(400, Object(UnexpectedValueException), Array)
#3 /var/www/vendor/laravel/framework/src/Illuminate/Log/Writer.php(202): Monolog\Logger->error(Object(UnexpectedValueException), Array)
#4 /var/www/vendor/laravel/framework/src/Illuminate/Log/Writer.php(113): Illuminate\Log\Writer->writeLog('error', Object(UnexpectedValueException), Array)
#5 /var/www/vendor/laravel/framework/src...
PHP message: PHP Fatal error:  Uncaught exception 'UnexpectedValueException' with message 'The stream or file "/var/www/storage/logs/laravel.log" could not be opened: failed to open stream: Permission denied' in /var/www/vendor/monolog/monolog/src/Monolog/Handler/StreamHandler.php:87
Stack trace:
#0 /var/www/vendor/monolog/monolog/src/Monolog/Handler/AbstractProcessingHandler.php(37): Monolog\Handler\StreamHandler->write(Array)
#1 /var/www/vendor/monolog/monolog/src/Monolog/Logger.php(336): Monolog\Handler\AbstractProcessingHandler->handle(Array)
#2 /var/www/vendor/monolog/monolog/src/Monolog/Logger.php(615): Monolog\Logger->addRecord(400, Object(Symfony\Component\Debug\Exception\FatalErrorException), Array)
#3 /var/www/vendor/laravel/framework/src/Illuminate/Log/Writer.php(202): Monolog\Logger->error(Object(Symfony\Component\Debug\Exception\FatalErrorException), Array)
#4 /var/www/vendor/laravel/framework/src/Illuminate/Log/Writer.php(113): Illum
2016/03/15 14:01:50 [error] 27#0: *6 FastCGI sent in stderr: "PHP message: PHP Fatal error:  Uncaught exception 'UnexpectedValueException' with message 'The stream or file "/var/www/storage/logs/laravel.log" could not be opened: failed to open stream: Permission denied' in /var/www/vendor/monolog/monolog/src/Monolog/Handler/StreamHandler.php:87
Stack trace:
#0 /var/www/vendor/monolog/monolog/src/Monolog/Handler/AbstractProcessingHandler.php(37): Monolog\Handler\StreamHandler->write(Array)
#1 /var/www/vendor/monolog/monolog/src/Monolog/Logger.php(336): Monolog\Handler\AbstractProcessingHandler->handle(Array)
#2 /var/www/vendor/monolog/monolog/src/Monolog/Logger.php(615): Monolog\Logger->addRecord(400, Object(UnexpectedValueException), Array)
#3 /var/www/vendor/laravel/framework/src/Illuminate/Log/Writer.php(202): Monolog\Logger->error(Object(UnexpectedValueException), Array)
#4 /var/www/vendor/laravel/framework/src/Illuminate/Log/Writer.php(113): Illuminate\Log\Writer->writeLog('error', Object(UnexpectedValueException), Array)
#5 /var/www/vendor/laravel/framework/src...
PHP message: PHP Fatal error:  Uncaught exception 'UnexpectedValueException' with message 'The stream or file "/var/www/storage/logs/laravel.log" could not be opened: failed to open stream: Permission denied' in /var/www/vendor/monolog/monolog/src/Monolog/Handler/StreamHandler.php:87
Stack trace:
#0 /var/www/vendor/monolog/monolog/src/Monolog/Handler/AbstractProcessingHandler.php(37): Monolog\Handler\StreamHandler->write(Array)
#1 /var/www/vendor/monolog/monolog/src/Monolog/Logger.php(336): Monolog\Handler\AbstractProcessingHandler->handle(Array)
#2 /var/www/vendor/monolog/monolog/src/Monolog/Logger.php(615): Monolog\Logger->addRecord(400, Object(Symfony\Component\Debug\Exception\FatalErrorException), Array)
#3 /var/www/vendor/laravel/framework/src/Illuminate/Log/Writer.php(202): Monolog\Logger->error(Object(Symfony\Component\Debug\Exception\FatalErrorException), Array)
#4 /var/www/vendor/laravel/framework/src/Illuminate/Log/Writer.php(113): Illum
2016/03/15 14:01:50 [error] 27#0: *6 FastCGI sent in stderr: "PHP message: PHP Fatal error:  Uncaught exception 'UnexpectedValueException' with message 'The stream or file "/var/www/storage/logs/laravel.log" could not be opened: failed to open stream: Permission denied' in /var/www/vendor/monolog/monolog/src/Monolog/Handler/StreamHandler.php:87
Stack trace:
#0 /var/www/vendor/monolog/monolog/src/Monolog/Handler/AbstractProcessingHandler.php(37): Monolog\Handler\StreamHandler->write(Array)
#1 /var/www/vendor/monolog/monolog/src/Monolog/Logger.php(336): Monolog\Handler\AbstractProcessingHandler->handle(Array)
#2 /var/www/vendor/monolog/monolog/src/Monolog/Logger.php(615): Monolog\Logger->addRecord(400, Object(UnexpectedValueException), Array)
#3 /var/www/vendor/laravel/framework/src/Illuminate/Log/Writer.php(202): Monolog\Logger->error(Object(UnexpectedValueException), Array)
#4 /var/www/vendor/laravel/framework/src/Illuminate/Log/Writer.php(113): Illuminate\Log\Writer->writeLog('error', Object(UnexpectedValueException), Array)
#5 /var/www/vendor/laravel/framework/src...
PHP message: PHP Fatal error:  Uncaught exception 'UnexpectedValueException' with message 'The stream or file "/var/www/storage/logs/laravel.log" could not be opened: failed to open stream: Permission denied' in /var/www/vendor/monolog/monolog/src/Monolog/Handler/StreamHandler.php:87
Stack trace:
#0 /var/www/vendor/monolog/monolog/src/Monolog/Handler/AbstractProcessingHandler.php(37): Monolog\Handler\StreamHandler->write(Array)
#1 /var/www/vendor/monolog/monolog/src/Monolog/Logger.php(336): Monolog\Handler\AbstractProcessingHandler->handle(Array)
#2 /var/www/vendor/monolog/monolog/src/Monolog/Logger.php(615): Monolog\Logger->addRecord(400, Object(Symfony\Component\Debug\Exception\FatalErrorException), Array)
#3 /var/www/vendor/laravel/framework/src/Illuminate/Log/Writer.php(202): Monolog\Logger->error(Object(Symfony\Component\Debug\Exception\FatalErrorException), Array)
#4 /var/www/vendor/laravel/framework/src/Illuminate/Log/Writer.php(113): Illum
2016/03/15 14:01:51 [error] 27#0: *6 FastCGI sent in stderr: "PHP message: PHP Fatal error:  Uncaught exception 'UnexpectedValueException' with message 'The stream or file "/var/www/storage/logs/laravel.log" could not be opened: failed to open stream: Permission denied' in /var/www/vendor/monolog/monolog/src/Monolog/Handler/StreamHandler.php:87
Stack trace:
#0 /var/www/vendor/monolog/monolog/src/Monolog/Handler/AbstractProcessingHandler.php(37): Monolog\Handler\StreamHandler->write(Array)
#1 /var/www/vendor/monolog/monolog/src/Monolog/Logger.php(336): Monolog\Handler\AbstractProcessingHandler->handle(Array)
#2 /var/www/vendor/monolog/monolog/src/Monolog/Logger.php(615): Monolog\Logger->addRecord(400, Object(UnexpectedValueException), Array)
#3 /var/www/vendor/laravel/framework/src/Illuminate/Log/Writer.php(202): Monolog\Logger->error(Object(UnexpectedValueException), Array)
#4 /var/www/vendor/laravel/framework/src/Illuminate/Log/Writer.php(113): Illuminate\Log\Writer->writeLog('error', Object(UnexpectedValueException), Array)
#5 /var/www/vendor/laravel/framework/src...
PHP message: PHP Fatal error:  Uncaught exception 'UnexpectedValueException' with message 'The stream or file "/var/www/storage/logs/laravel.log" could not be opened: failed to open stream: Permission denied' in /var/www/vendor/monolog/monolog/src/Monolog/Handler/StreamHandler.php:87
Stack trace:
#0 /var/www/vendor/monolog/monolog/src/Monolog/Handler/AbstractProcessingHandler.php(37): Monolog\Handler\StreamHandler->write(Array)
#1 /var/www/vendor/monolog/monolog/src/Monolog/Logger.php(336): Monolog\Handler\AbstractProcessingHandler->handle(Array)
#2 /var/www/vendor/monolog/monolog/src/Monolog/Logger.php(615): Monolog\Logger->addRecord(400, Object(Symfony\Component\Debug\Exception\FatalErrorException), Array)
#3 /var/www/vendor/laravel/framework/src/Illuminate/Log/Writer.php(202): Monolog\Logger->error(Object(Symfony\Component\Debug\Exception\FatalErrorException), Array)
#4 /var/www/vendor/laravel/framework/src/Illuminate/Log/Writer.php(113): Illum
